  main.c
C:\Users\chris\OneDrive\Desktop\Christoph16478_github\c-beginner-to-advanced\c-beginner-to-advanced\17morearrays\main.c(13,17): error C2146: syntax error: missing ';' before identifier 'z1'
C:\Users\chris\OneDrive\Desktop\Christoph16478_github\c-beginner-to-advanced\c-beginner-to-advanced\17morearrays\main.c(13,20): error C2065: 'z1': undeclared identifier
C:\Users\chris\OneDrive\Desktop\Christoph16478_github\c-beginner-to-advanced\c-beginner-to-advanced\17morearrays\main.c(13,24): error C2065: 'I': undeclared identifier
C:\Users\chris\OneDrive\Desktop\Christoph16478_github\c-beginner-to-advanced\c-beginner-to-advanced\17morearrays\main.c(13,27): error C2065: 'I': undeclared identifier
C:\Users\chris\OneDrive\Desktop\Christoph16478_github\c-beginner-to-advanced\c-beginner-to-advanced\17morearrays\main.c(14,33): warning C4013: 'creal' undefined; assuming extern returning int
C:\Users\chris\OneDrive\Desktop\Christoph16478_github\c-beginner-to-advanced\c-beginner-to-advanced\17morearrays\main.c(14,41): error C2065: 'z1': undeclared identifier
C:\Users\chris\OneDrive\Desktop\Christoph16478_github\c-beginner-to-advanced\c-beginner-to-advanced\17morearrays\main.c(14,44): warning C4013: 'cimag' undefined; assuming extern returning int
C:\Users\chris\OneDrive\Desktop\Christoph16478_github\c-beginner-to-advanced\c-beginner-to-advanced\17morearrays\main.c(14,52): error C2065: 'z1': undeclared identifier
C:\Users\chris\OneDrive\Desktop\Christoph16478_github\c-beginner-to-advanced\c-beginner-to-advanced\17morearrays\main.c(14,9): warning C4477: 'printf' : format string '%.1f' requires an argument of type 'double', but variadic argument 1 has type 'int'
C:\Users\chris\OneDrive\Desktop\Christoph16478_github\c-beginner-to-advanced\c-beginner-to-advanced\17morearrays\main.c(14,9): warning C4477: 'printf' : format string '%+.1f' requires an argument of type 'double', but variadic argument 2 has type 'int'
C:\Users\chris\OneDrive\Desktop\Christoph16478_github\c-beginner-to-advanced\c-beginner-to-advanced\17morearrays\main.c(16,9): error C2086: 'double complex': redefinition
C:\Users\chris\OneDrive\Desktop\Christoph16478_github\c-beginner-to-advanced\c-beginner-to-advanced\17morearrays\main.c(13,9): message : see declaration of 'complex'
C:\Users\chris\OneDrive\Desktop\Christoph16478_github\c-beginner-to-advanced\c-beginner-to-advanced\17morearrays\main.c(16,17): error C2146: syntax error: missing ';' before identifier 'z2'
C:\Users\chris\OneDrive\Desktop\Christoph16478_github\c-beginner-to-advanced\c-beginner-to-advanced\17morearrays\main.c(16,20): error C2065: 'z2': undeclared identifier
C:\Users\chris\OneDrive\Desktop\Christoph16478_github\c-beginner-to-advanced\c-beginner-to-advanced\17morearrays\main.c(16,27): error C2065: 'I': undeclared identifier
C:\Users\chris\OneDrive\Desktop\Christoph16478_github\c-beginner-to-advanced\c-beginner-to-advanced\17morearrays\main.c(16,22): warning C4244: '=': conversion from 'double' to 'int', possible loss of data
C:\Users\chris\OneDrive\Desktop\Christoph16478_github\c-beginner-to-advanced\c-beginner-to-advanced\17morearrays\main.c(17,45): error C2065: 'z2': undeclared identifier
C:\Users\chris\OneDrive\Desktop\Christoph16478_github\c-beginner-to-advanced\c-beginner-to-advanced\17morearrays\main.c(17,56): error C2065: 'z2': undeclared identifier
C:\Users\chris\OneDrive\Desktop\Christoph16478_github\c-beginner-to-advanced\c-beginner-to-advanced\17morearrays\main.c(17,9): warning C4477: 'printf' : format string '%.1f' requires an argument of type 'double', but variadic argument 1 has type 'int'
C:\Users\chris\OneDrive\Desktop\Christoph16478_github\c-beginner-to-advanced\c-beginner-to-advanced\17morearrays\main.c(17,9): warning C4477: 'printf' : format string '%+.1f' requires an argument of type 'double', but variadic argument 2 has type 'int'
C:\Users\chris\OneDrive\Desktop\Christoph16478_github\c-beginner-to-advanced\c-beginner-to-advanced\17morearrays\main.c(20,9): error C2086: 'double complex': redefinition
C:\Users\chris\OneDrive\Desktop\Christoph16478_github\c-beginner-to-advanced\c-beginner-to-advanced\17morearrays\main.c(13,9): message : see declaration of 'complex'
C:\Users\chris\OneDrive\Desktop\Christoph16478_github\c-beginner-to-advanced\c-beginner-to-advanced\17morearrays\main.c(20,17): error C2146: syntax error: missing ';' before identifier 'z3'
C:\Users\chris\OneDrive\Desktop\Christoph16478_github\c-beginner-to-advanced\c-beginner-to-advanced\17morearrays\main.c(20,20): error C2065: 'z3': undeclared identifier
C:\Users\chris\OneDrive\Desktop\Christoph16478_github\c-beginner-to-advanced\c-beginner-to-advanced\17morearrays\main.c(20,28): error C2065: 'I': undeclared identifier
C:\Users\chris\OneDrive\Desktop\Christoph16478_github\c-beginner-to-advanced\c-beginner-to-advanced\17morearrays\main.c(20,22): warning C4244: '=': conversion from 'double' to 'int', possible loss of data
C:\Users\chris\OneDrive\Desktop\Christoph16478_github\c-beginner-to-advanced\c-beginner-to-advanced\17morearrays\main.c(21,45): error C2065: 'z3': undeclared identifier
C:\Users\chris\OneDrive\Desktop\Christoph16478_github\c-beginner-to-advanced\c-beginner-to-advanced\17morearrays\main.c(21,56): error C2065: 'z3': undeclared identifier
C:\Users\chris\OneDrive\Desktop\Christoph16478_github\c-beginner-to-advanced\c-beginner-to-advanced\17morearrays\main.c(21,9): warning C4477: 'printf' : format string '%.1f' requires an argument of type 'double', but variadic argument 1 has type 'int'
C:\Users\chris\OneDrive\Desktop\Christoph16478_github\c-beginner-to-advanced\c-beginner-to-advanced\17morearrays\main.c(21,9): warning C4477: 'printf' : format string '%+.1f' requires an argument of type 'double', but variadic argument 2 has type 'int'
C:\Users\chris\OneDrive\Desktop\Christoph16478_github\c-beginner-to-advanced\c-beginner-to-advanced\17morearrays\main.c(23,9): error C2086: 'double complex': redefinition
C:\Users\chris\OneDrive\Desktop\Christoph16478_github\c-beginner-to-advanced\c-beginner-to-advanced\17morearrays\main.c(13,9): message : see declaration of 'complex'
C:\Users\chris\OneDrive\Desktop\Christoph16478_github\c-beginner-to-advanced\c-beginner-to-advanced\17morearrays\main.c(23,17): error C2146: syntax error: missing ';' before identifier 'z4'
C:\Users\chris\OneDrive\Desktop\Christoph16478_github\c-beginner-to-advanced\c-beginner-to-advanced\17morearrays\main.c(23,20): error C2065: 'z4': undeclared identifier
C:\Users\chris\OneDrive\Desktop\Christoph16478_github\c-beginner-to-advanced\c-beginner-to-advanced\17morearrays\main.c(23,31): error C2065: 'I': undeclared identifier
C:\Users\chris\OneDrive\Desktop\Christoph16478_github\c-beginner-to-advanced\c-beginner-to-advanced\17morearrays\main.c(23,36): error C2065: 'z5': undeclared identifier
C:\Users\chris\OneDrive\Desktop\Christoph16478_github\c-beginner-to-advanced\c-beginner-to-advanced\17morearrays\main.c(23,47): error C2065: 'I': undeclared identifier
C:\Users\chris\OneDrive\Desktop\Christoph16478_github\c-beginner-to-advanced\c-beginner-to-advanced\17morearrays\main.c(24,50): error C2065: 'z4': undeclared identifier
C:\Users\chris\OneDrive\Desktop\Christoph16478_github\c-beginner-to-advanced\c-beginner-to-advanced\17morearrays\main.c(24,54): error C2065: 'z5': undeclared identifier
C:\Users\chris\OneDrive\Desktop\Christoph16478_github\c-beginner-to-advanced\c-beginner-to-advanced\17morearrays\main.c(24,66): error C2065: 'z4': undeclared identifier
C:\Users\chris\OneDrive\Desktop\Christoph16478_github\c-beginner-to-advanced\c-beginner-to-advanced\17morearrays\main.c(24,70): error C2065: 'z5': undeclared identifier
C:\Users\chris\OneDrive\Desktop\Christoph16478_github\c-beginner-to-advanced\c-beginner-to-advanced\17morearrays\main.c(24,9): warning C4477: 'printf' : format string '%.1f' requires an argument of type 'double', but variadic argument 1 has type 'int'
C:\Users\chris\OneDrive\Desktop\Christoph16478_github\c-beginner-to-advanced\c-beginner-to-advanced\17morearrays\main.c(24,9): warning C4477: 'printf' : format string '%+.1f' requires an argument of type 'double', but variadic argument 2 has type 'int'
C:\Users\chris\OneDrive\Desktop\Christoph16478_github\c-beginner-to-advanced\c-beginner-to-advanced\17morearrays\main.c(44,18): error C2371: 'size': redefinition; different basic types
C:\Users\chris\OneDrive\Desktop\Christoph16478_github\c-beginner-to-advanced\c-beginner-to-advanced\17morearrays\main.c(33,9): message : see declaration of 'size'
C:\Users\chris\OneDrive\Desktop\Christoph16478_github\c-beginner-to-advanced\c-beginner-to-advanced\17morearrays\main.c(46,8): warning C4477: 'scanf' : format string '%d' requires an argument of type 'int *', but variadic argument 1 has type 'size_t *'
C:\Users\chris\OneDrive\Desktop\Christoph16478_github\c-beginner-to-advanced\c-beginner-to-advanced\17morearrays\main.c(46,8): message : consider using '%zd' in the format string
C:\Users\chris\OneDrive\Desktop\Christoph16478_github\c-beginner-to-advanced\c-beginner-to-advanced\17morearrays\main.c(48,10): error C2057: expected constant expression
C:\Users\chris\OneDrive\Desktop\Christoph16478_github\c-beginner-to-advanced\c-beginner-to-advanced\17morearrays\main.c(48,14): error C2466: cannot allocate an array of constant size 0
C:\Users\chris\OneDrive\Desktop\Christoph16478_github\c-beginner-to-advanced\c-beginner-to-advanced\17morearrays\main.c(48,6): error C2133: 'arr': unknown size
C:\Users\chris\OneDrive\Desktop\Christoph16478_github\c-beginner-to-advanced\c-beginner-to-advanced\17morearrays\main.c(50,9): warning C4477: 'printf' : format string '%d' requires an argument of type 'int', but variadic argument 1 has type 'size_t'
C:\Users\chris\OneDrive\Desktop\Christoph16478_github\c-beginner-to-advanced\c-beginner-to-advanced\17morearrays\main.c(50,9): message : consider using '%zd' in the format string
C:\Users\chris\OneDrive\Desktop\Christoph16478_github\c-beginner-to-advanced\c-beginner-to-advanced\17morearrays\main.c(60,12): error C2017: illegal escape sequence
C:\Users\chris\OneDrive\Desktop\Christoph16478_github\c-beginner-to-advanced\c-beginner-to-advanced\17morearrays\main.c(60,13): error C2065: '�': undeclared identifier
C:\Users\chris\OneDrive\Desktop\Christoph16478_github\c-beginner-to-advanced\c-beginner-to-advanced\17morearrays\main.c(60,13): warning C4047: 'function': 'const char *const ' differs in levels of indirection from 'int'
C:\Users\chris\OneDrive\Desktop\Christoph16478_github\c-beginner-to-advanced\c-beginner-to-advanced\17morearrays\main.c(60,9): warning C4024: 'printf': different types for formal and actual parameter 1
C:\Users\chris\OneDrive\Desktop\Christoph16478_github\c-beginner-to-advanced\c-beginner-to-advanced\17morearrays\main.c(60,13): error C2146: syntax error: missing ')' before identifier 'nSum'
C:\Users\chris\OneDrive\Desktop\Christoph16478_github\c-beginner-to-advanced\c-beginner-to-advanced\17morearrays\main.c(60,56): error C2059: syntax error: ')'
C:\Users\chris\OneDrive\Desktop\Christoph16478_github\c-beginner-to-advanced\c-beginner-to-advanced\17morearrays\main.c(31,2): error C4996: 'scanf': This function or variable may be unsafe. Consider using scanf_s instead. To disable deprecation, use _CRT_SECURE_NO_WARNINGS. See online help for details.
C:\Users\chris\OneDrive\Desktop\Christoph16478_github\c-beginner-to-advanced\c-beginner-to-advanced\17morearrays\main.c(46,2): error C4996: 'scanf': This function or variable may be unsafe. Consider using scanf_s instead. To disable deprecation, use _CRT_SECURE_NO_WARNINGS. See online help for details.
C:\Users\chris\OneDrive\Desktop\Christoph16478_github\c-beginner-to-advanced\c-beginner-to-advanced\17morearrays\main.c(53,3): error C4996: 'scanf': This function or variable may be unsafe. Consider using scanf_s instead. To disable deprecation, use _CRT_SECURE_NO_WARNINGS. See online help for details.
